Analysis & Synthesis report for tubesTopLevel
Wed Nov 22 16:57:03 2023
Quartus II Version 9.1 Build 350 03/24/2010 Service Pack 2 SJ Web Edition


---------------------
; Table of Contents ;
---------------------
  1. Legal Notice
  2. Analysis & Synthesis Summary
  3. Analysis & Synthesis Settings
  4. Parallel Compilation
  5. Analysis & Synthesis Source Files Read
  6. Analysis & Synthesis Resource Usage Summary
  7. Analysis & Synthesis Resource Utilization by Entity
  8. Analysis & Synthesis DSP Block Usage Summary
  9. State Machine - |tubesTopLevel|fsm:TOFSM|currentState
 10. User-Specified and Inferred Latches
 11. Registers Removed During Synthesis
 12. General Register Statistics
 13. Inverted Register Statistics
 14. Multiplexer Restructuring Statistics (Restructuring Performed)
 15. Parameter Settings for Inferred Entity Instance: lpm_mult:Mult1
 16. Parameter Settings for Inferred Entity Instance: lpm_mult:Mult0
 17. lpm_mult Parameter Settings by Entity Instance
 18. Port Connectivity Checks: "fsm:TOFSM"
 19. Analysis & Synthesis Messages



----------------
; Legal Notice ;
----------------
Copyright (C) 1991-2010 Altera Corporation
Your use of Altera Corporation's design tools, logic functions 
and other software and tools, and its AMPP partner logic 
functions, and any output files from any of the foregoing 
(including device programming or simulation files), and any 
associated documentation or information are expressly subject 
to the terms and conditions of the Altera Program License 
Subscription Agreement, Altera MegaCore Function License 
Agreement, or other applicable license agreement, including, 
without limitation, that your use is for the sole purpose of 
programming logic devices manufactured by Altera and sold by 
Altera or its authorized distributors.  Please refer to the 
applicable agreement for further details.



+-----------------------------------------------------------------------------------+
; Analysis & Synthesis Summary                                                      ;
+------------------------------------+----------------------------------------------+
; Analysis & Synthesis Status        ; Successful - Wed Nov 22 16:57:03 2023        ;
; Quartus II Version                 ; 9.1 Build 350 03/24/2010 SP 2 SJ Web Edition ;
; Revision Name                      ; tubesTopLevel                                ;
; Top-level Entity Name              ; tubesTopLevel                                ;
; Family                             ; Cyclone II                                   ;
; Total logic elements               ; 1,094                                        ;
;     Total combinational functions  ; 840                                          ;
;     Dedicated logic registers      ; 457                                          ;
; Total registers                    ; 457                                          ;
; Total pins                         ; 69                                           ;
; Total virtual pins                 ; 0                                            ;
; Total memory bits                  ; 0                                            ;
; Embedded Multiplier 9-bit elements ; 16                                           ;
; Total PLLs                         ; 0                                            ;
+------------------------------------+----------------------------------------------+


+----------------------------------------------------------------------------------------------------------------------+
; Analysis & Synthesis Settings                                                                                        ;
+----------------------------------------------------------------------------+--------------------+--------------------+
; Option                                                                     ; Setting            ; Default Value      ;
+----------------------------------------------------------------------------+--------------------+--------------------+
; Device                                                                     ; EP2C8Q208C7        ;                    ;
; Top-level entity name                                                      ; tubesTopLevel      ; tubesTopLevel      ;
; Family name                                                                ; Cyclone II         ; Stratix II         ;
; Use Generated Physical Constraints File                                    ; Off                ;                    ;
; Use smart compilation                                                      ; Off                ; Off                ;
; Enable parallel Assembler and TimeQuest Timing Analyzer during compilation ; On                 ; On                 ;
; Enable compact report table                                                ; Off                ; Off                ;
; Restructure Multiplexers                                                   ; Auto               ; Auto               ;
; Create Debugging Nodes for IP Cores                                        ; Off                ; Off                ;
; Preserve fewer node names                                                  ; On                 ; On                 ;
; Disable OpenCore Plus hardware evaluation                                  ; Off                ; Off                ;
; Verilog Version                                                            ; Verilog_2001       ; Verilog_2001       ;
; VHDL Version                                                               ; VHDL_1993          ; VHDL_1993          ;
; State Machine Processing                                                   ; Auto               ; Auto               ;
; Safe State Machine                                                         ; Off                ; Off                ;
; Extract Verilog State Machines                                             ; On                 ; On                 ;
; Extract VHDL State Machines                                                ; On                 ; On                 ;
; Ignore Verilog initial constructs                                          ; Off                ; Off                ;
; Iteration limit for constant Verilog loops                                 ; 5000               ; 5000               ;
; Iteration limit for non-constant Verilog loops                             ; 250                ; 250                ;
; Add Pass-Through Logic to Inferred RAMs                                    ; On                 ; On                 ;
; Parallel Synthesis                                                         ; On                 ; On                 ;
; DSP Block Balancing                                                        ; Auto               ; Auto               ;
; NOT Gate Push-Back                                                         ; On                 ; On                 ;
; Power-Up Don't Care                                                        ; On                 ; On                 ;
; Remove Redundant Logic Cells                                               ; Off                ; Off                ;
; Remove Duplicate Registers                                                 ; On                 ; On                 ;
; Ignore CARRY Buffers                                                       ; Off                ; Off                ;
; Ignore CASCADE Buffers                                                     ; Off                ; Off                ;
; Ignore GLOBAL Buffers                                                      ; Off                ; Off                ;
; Ignore ROW GLOBAL Buffers                                                  ; Off                ; Off                ;
; Ignore LCELL Buffers                                                       ; Off                ; Off                ;
; Ignore SOFT Buffers                                                        ; On                 ; On                 ;
; Limit AHDL Integers to 32 Bits                                             ; Off                ; Off                ;
; Optimization Technique                                                     ; Balanced           ; Balanced           ;
; Carry Chain Length                                                         ; 70                 ; 70                 ;
; Auto Carry Chains                                                          ; On                 ; On                 ;
; Auto Open-Drain Pins                                                       ; On                 ; On                 ;
; Perform WYSIWYG Primitive Resynthesis                                      ; Off                ; Off                ;
; Auto ROM Replacement                                                       ; On                 ; On                 ;
; Auto RAM Replacement                                                       ; On                 ; On                 ;
; Auto Shift Register Replacement                                            ; Auto               ; Auto               ;
; Auto Clock Enable Replacement                                              ; On                 ; On                 ;
; Strict RAM Replacement                                                     ; Off                ; Off                ;
; Allow Synchronous Control Signals                                          ; On                 ; On                 ;
; Force Use of Synchronous Clear Signals                                     ; Off                ; Off                ;
; Auto RAM to Logic Cell Conversion                                          ; Off                ; Off                ;
; Auto Resource Sharing                                                      ; Off                ; Off                ;
; Allow Any RAM Size For Recognition                                         ; Off                ; Off                ;
; Allow Any ROM Size For Recognition                                         ; Off                ; Off                ;
; Allow Any Shift Register Size For Recognition                              ; Off                ; Off                ;
; Use LogicLock Constraints during Resource Balancing                        ; On                 ; On                 ;
; Ignore translate_off and synthesis_off directives                          ; Off                ; Off                ;
; Timing-Driven Synthesis                                                    ; Off                ; Off                ;
; Show Parameter Settings Tables in Synthesis Report                         ; On                 ; On                 ;
; Ignore Maximum Fan-Out Assignments                                         ; Off                ; Off                ;
; Synchronization Register Chain Length                                      ; 2                  ; 2                  ;
; PowerPlay Power Optimization                                               ; Normal compilation ; Normal compilation ;
; HDL message level                                                          ; Level2             ; Level2             ;
; Suppress Register Optimization Related Messages                            ; Off                ; Off                ;
; Number of Removed Registers Reported in Synthesis Report                   ; 5000               ; 5000               ;
; Number of Inverted Registers Reported in Synthesis Report                  ; 100                ; 100                ;
; Clock MUX Protection                                                       ; On                 ; On                 ;
; Auto Gated Clock Conversion                                                ; Off                ; Off                ;
; Block Design Naming                                                        ; Auto               ; Auto               ;
; SDC constraint protection                                                  ; Off                ; Off                ;
; Synthesis Effort                                                           ; Auto               ; Auto               ;
; Shift Register Replacement - Allow Asynchronous Clear Signal               ; On                 ; On                 ;
; Analysis & Synthesis Message Level                                         ; Medium             ; Medium             ;
; Disable Register Merging Across Hierarchies                                ; Auto               ; Auto               ;
; Resource Aware Inference For Block RAM                                     ; On                 ; On                 ;
+----------------------------------------------------------------------------+--------------------+--------------------+


Parallel compilation was disabled, but you have multiple processors available. Enable parallel compilation to reduce compilation time.
+-------------------------------------+
; Parallel Compilation                ;
+----------------------------+--------+
; Processors                 ; Number ;
+----------------------------+--------+
; Number detected on machine ; 4      ;
; Maximum allowed            ; 1      ;
+----------------------------+--------+


+--------------------------------------------------------------------------------------------------------------------------------------------------+
; Analysis & Synthesis Source Files Read                                                                                                           ;
+----------------------------------+-----------------+------------------------------+--------------------------------------------------------------+
; File Name with User-Entered Path ; Used in Netlist ; File Type                    ; File Name with Absolute Path                                 ;
+----------------------------------+-----------------+------------------------------+--------------------------------------------------------------+
; tubesTopLevel.vhd                ; yes             ; User VHDL File               ; D:/SisDigGemink/tubesTopLevel/tubesTopLevel.vhd              ;
; fsm.vhd                          ; yes             ; User VHDL File               ; D:/SisDigGemink/tubesTopLevel/fsm.vhd                        ;
; counter.vhd                      ; yes             ; User VHDL File               ; D:/SisDigGemink/tubesTopLevel/counter.vhd                    ;
; comparator.vhd                   ; yes             ; User VHDL File               ; D:/SisDigGemink/tubesTopLevel/comparator.vhd                 ;
; subtractor.vhd                   ; yes             ; User VHDL File               ; D:/SisDigGemink/tubesTopLevel/subtractor.vhd                 ;
; regisX.vhd                       ; yes             ; User VHDL File               ; D:/SisDigGemink/tubesTopLevel/regisX.vhd                     ;
; regisY.vhd                       ; yes             ; User VHDL File               ; D:/SisDigGemink/tubesTopLevel/regisY.vhd                     ;
; regisAngle.vhd                   ; yes             ; User VHDL File               ; D:/SisDigGemink/tubesTopLevel/regisAngle.vhd                 ;
; regis.vhd                        ; yes             ; User VHDL File               ; D:/SisDigGemink/tubesTopLevel/regis.vhd                      ;
; numeric_std.vhd                  ; yes             ; User VHDL File               ; D:/SisDigGemink/tubesTopLevel/numeric_std.vhd                ;
; lpm_mult.tdf                     ; yes             ; Megafunction                 ; c:/altera/91sp2/quartus/libraries/megafunctions/lpm_mult.tdf ;
; db/mult_45t.tdf                  ; yes             ; Auto-Generated Megafunction  ; D:/SisDigGemink/tubesTopLevel/db/mult_45t.tdf                ;
+----------------------------------+-----------------+------------------------------+--------------------------------------------------------------+


+-----------------------------------------------------+
; Analysis & Synthesis Resource Usage Summary         ;
+---------------------------------------------+-------+
; Resource                                    ; Usage ;
+---------------------------------------------+-------+
; Estimated Total logic elements              ; 1,094 ;
;                                             ;       ;
; Total combinational functions               ; 840   ;
; Logic element usage by number of LUT inputs ;       ;
;     -- 4 input functions                    ; 167   ;
;     -- 3 input functions                    ; 520   ;
;     -- <=2 input functions                  ; 153   ;
;                                             ;       ;
; Logic elements by mode                      ;       ;
;     -- normal mode                          ; 503   ;
;     -- arithmetic mode                      ; 337   ;
;                                             ;       ;
; Total registers                             ; 457   ;
;     -- Dedicated logic registers            ; 457   ;
;     -- I/O registers                        ; 0     ;
;                                             ;       ;
; I/O pins                                    ; 69    ;
; Embedded Multiplier 9-bit elements          ; 16    ;
; Maximum fan-out node                        ; clk   ;
; Maximum fan-out                             ; 457   ;
; Total fan-out                               ; 4350  ;
; Average fan-out                             ; 3.15  ;
+---------------------------------------------+-------+


+--------------------------------------------------------------------------------------------------------------------------------------------------------------------------------------------------------------------+
; Analysis & Synthesis Resource Utilization by Entity                                                                                                                                                                ;
+---------------------------------+-------------------+--------------+-------------+--------------+---------+-----------+------+--------------+-------------------------------------------------------+--------------+
; Compilation Hierarchy Node      ; LC Combinationals ; LC Registers ; Memory Bits ; DSP Elements ; DSP 9x9 ; DSP 18x18 ; Pins ; Virtual Pins ; Full Hierarchy Name                                   ; Library Name ;
+---------------------------------+-------------------+--------------+-------------+--------------+---------+-----------+------+--------------+-------------------------------------------------------+--------------+
; |tubesTopLevel                  ; 840 (98)          ; 457 (0)      ; 0           ; 16           ; 0       ; 8         ; 69   ; 0            ; |tubesTopLevel                                        ; work         ;
;    |comparator:blokKomparator|  ; 32 (32)           ; 0 (0)        ; 0           ; 0            ; 0       ; 0         ; 0    ; 0            ; |tubesTopLevel|comparator:blokKomparator              ; work         ;
;    |counter:blokCounter|        ; 75 (75)           ; 4 (4)        ; 0           ; 0            ; 0       ; 0         ; 0    ; 0            ; |tubesTopLevel|counter:blokCounter                    ; work         ;
;    |fsm:TOFSM|                  ; 19 (19)           ; 7 (7)        ; 0           ; 0            ; 0       ; 0         ; 0    ; 0            ; |tubesTopLevel|fsm:TOFSM                              ;              ;
;    |lpm_mult:Mult0|             ; 90 (0)            ; 0 (0)        ; 0           ; 8            ; 0       ; 4         ; 0    ; 0            ; |tubesTopLevel|lpm_mult:Mult0                         ;              ;
;       |mult_45t:auto_generated| ; 90 (90)           ; 0 (0)        ; 0           ; 8            ; 0       ; 4         ; 0    ; 0            ; |tubesTopLevel|lpm_mult:Mult0|mult_45t:auto_generated ;              ;
;    |lpm_mult:Mult1|             ; 90 (0)            ; 0 (0)        ; 0           ; 8            ; 0       ; 4         ; 0    ; 0            ; |tubesTopLevel|lpm_mult:Mult1                         ;              ;
;       |mult_45t:auto_generated| ; 90 (90)           ; 0 (0)        ; 0           ; 8            ; 0       ; 4         ; 0    ; 0            ; |tubesTopLevel|lpm_mult:Mult1|mult_45t:auto_generated ;              ;
;    |regis:blokOutCos|           ; 1 (1)             ; 32 (32)      ; 0           ; 0            ; 0       ; 0         ; 0    ; 0            ; |tubesTopLevel|regis:blokOutCos                       ; work         ;
;    |regis:blokOutSin|           ; 1 (1)             ; 32 (32)      ; 0           ; 0            ; 0       ; 0         ; 0    ; 0            ; |tubesTopLevel|regis:blokOutSin                       ; work         ;
;    |regisAngle:blokRegisAngle|  ; 1 (1)             ; 32 (32)      ; 0           ; 0            ; 0       ; 0         ; 0    ; 0            ; |tubesTopLevel|regisAngle:blokRegisAngle              ; work         ;
;    |regisX:blokRegisX|          ; 1 (1)             ; 32 (32)      ; 0           ; 0            ; 0       ; 0         ; 0    ; 0            ; |tubesTopLevel|regisX:blokRegisX                      ; work         ;
;    |regisY:blokRegisY|          ; 0 (0)             ; 32 (32)      ; 0           ; 0            ; 0       ; 0         ; 0    ; 0            ; |tubesTopLevel|regisY:blokRegisY                      ; work         ;
;    |subtractor:blokSubtractor|  ; 432 (432)         ; 286 (286)    ; 0           ; 0            ; 0       ; 0         ; 0    ; 0            ; |tubesTopLevel|subtractor:blokSubtractor              ; work         ;
+---------------------------------+-------------------+--------------+-------------+--------------+---------+-----------+------+--------------+-------------------------------------------------------+--------------+
Note: For table entries with two numbers listed, the numbers in parentheses indicate the number of resources of the given type used by the specific entity alone. The numbers listed outside of parentheses indicate the total resources of the given type used by the specific entity and all of its sub-entities in the hierarchy.


+-----------------------------------------------------+
; Analysis & Synthesis DSP Block Usage Summary        ;
+---------------------------------------+-------------+
; Statistic                             ; Number Used ;
+---------------------------------------+-------------+
; Simple Multipliers (9-bit)            ; 0           ;
; Simple Multipliers (18-bit)           ; 8           ;
; Embedded Multiplier Blocks            ; --          ;
; Embedded Multiplier 9-bit elements    ; 16          ;
; Signed Embedded Multipliers           ; 2           ;
; Unsigned Embedded Multipliers         ; 2           ;
; Mixed Sign Embedded Multipliers       ; 4           ;
; Variable Sign Embedded Multipliers    ; 0           ;
; Dedicated Input Shift Register Chains ; 0           ;
+---------------------------------------+-------------+
Note: number of Embedded Multiplier Blocks used is only available after a successful fit.


Encoding Type:  One-Hot
+-----------------------------------------------------------------------------------------------------------------------------+
; State Machine - |tubesTopLevel|fsm:TOFSM|currentState                                                                       ;
+-----------------+-----------------+-----------------+-----------------+-----------------+-----------------+-----------------+
; Name            ; currentState.s5 ; currentState.s4 ; currentState.s3 ; currentState.s2 ; currentState.s1 ; currentState.s0 ;
+-----------------+-----------------+-----------------+-----------------+-----------------+-----------------+-----------------+
; currentState.s0 ; 0               ; 0               ; 0               ; 0               ; 0               ; 0               ;
; currentState.s1 ; 0               ; 0               ; 0               ; 0               ; 1               ; 1               ;
; currentState.s2 ; 0               ; 0               ; 0               ; 1               ; 0               ; 1               ;
; currentState.s3 ; 0               ; 0               ; 1               ; 0               ; 0               ; 1               ;
; currentState.s4 ; 0               ; 1               ; 0               ; 0               ; 0               ; 1               ;
; currentState.s5 ; 1               ; 0               ; 0               ; 0               ; 0               ; 1               ;
+-----------------+-----------------+-----------------+-----------------+-----------------+-----------------+-----------------+


+----------------------------------------------------------------------------------------------------+
; User-Specified and Inferred Latches                                                                ;
+-----------------------------------------------------+---------------------+------------------------+
; Latch Name                                          ; Latch Enable Signal ; Free of Timing Hazards ;
+-----------------------------------------------------+---------------------+------------------------+
; angka[0]$latch                                      ; angka[31]           ; yes                    ;
; angka[1]$latch                                      ; angka[31]           ; yes                    ;
; angka[2]$latch                                      ; angka[31]           ; yes                    ;
; angka[3]$latch                                      ; angka[31]           ; yes                    ;
; angka[4]$latch                                      ; angka[31]           ; yes                    ;
; angka[5]$latch                                      ; angka[31]           ; yes                    ;
; angka[6]$latch                                      ; angka[31]           ; yes                    ;
; angka[7]$latch                                      ; angka[31]           ; yes                    ;
; angka[8]$latch                                      ; angka[31]           ; yes                    ;
; angka[9]$latch                                      ; angka[31]           ; yes                    ;
; angka[10]$latch                                     ; angka[31]           ; yes                    ;
; angka[11]$latch                                     ; angka[31]           ; yes                    ;
; angka[12]$latch                                     ; angka[31]           ; yes                    ;
; angka[13]$latch                                     ; angka[31]           ; yes                    ;
; angka[14]$latch                                     ; angka[31]           ; yes                    ;
; angka[15]$latch                                     ; angka[31]           ; yes                    ;
; angka[16]$latch                                     ; angka[31]           ; yes                    ;
; angka[17]$latch                                     ; angka[31]           ; yes                    ;
; angka[18]$latch                                     ; angka[31]           ; yes                    ;
; angka[19]$latch                                     ; angka[31]           ; yes                    ;
; angka[20]$latch                                     ; angka[31]           ; yes                    ;
; angka[21]$latch                                     ; angka[31]           ; yes                    ;
; angka[22]$latch                                     ; angka[31]           ; yes                    ;
; angka[23]$latch                                     ; angka[31]           ; yes                    ;
; angka[24]$latch                                     ; angka[31]           ; yes                    ;
; angka[25]$latch                                     ; angka[31]           ; yes                    ;
; angka[26]$latch                                     ; angka[31]           ; yes                    ;
; angka[27]$latch                                     ; angka[31]           ; yes                    ;
; angka[28]$latch                                     ; angka[31]           ; yes                    ;
; angka[29]$latch                                     ; angka[31]           ; yes                    ;
; angka[30]$latch                                     ; angka[31]           ; yes                    ;
; angka[31]$latch                                     ; angka[31]           ; yes                    ;
; angkaTemp[30]                                       ; angka[31]           ; yes                    ;
; angkaTemp[31]                                       ; angka[31]           ; yes                    ;
; angkaTemp[32]                                       ; angka[31]           ; yes                    ;
; angkaTemp[33]                                       ; angka[31]           ; yes                    ;
; angkaTemp[34]                                       ; angka[31]           ; yes                    ;
; angkaTemp[35]                                       ; angka[31]           ; yes                    ;
; angkaTemp[36]                                       ; angka[31]           ; yes                    ;
; angkaTemp[37]                                       ; angka[31]           ; yes                    ;
; angkaTemp[38]                                       ; angka[31]           ; yes                    ;
; angkaTemp[39]                                       ; angka[31]           ; yes                    ;
; angkaTemp[40]                                       ; angka[31]           ; yes                    ;
; angkaTemp[41]                                       ; angka[31]           ; yes                    ;
; angkaTemp[42]                                       ; angka[31]           ; yes                    ;
; angkaTemp[43]                                       ; angka[31]           ; yes                    ;
; angkaTemp[44]                                       ; angka[31]           ; yes                    ;
; angkaTemp[45]                                       ; angka[31]           ; yes                    ;
; angkaTemp[46]                                       ; angka[31]           ; yes                    ;
; angkaTemp[47]                                       ; angka[31]           ; yes                    ;
; angkaTemp[48]                                       ; angka[31]           ; yes                    ;
; angkaTemp[49]                                       ; angka[31]           ; yes                    ;
; angkaTemp[50]                                       ; angka[31]           ; yes                    ;
; angkaTemp[51]                                       ; angka[31]           ; yes                    ;
; angkaTemp[52]                                       ; angka[31]           ; yes                    ;
; angkaTemp[53]                                       ; angka[31]           ; yes                    ;
; angkaTemp[54]                                       ; angka[31]           ; yes                    ;
; angkaTemp[55]                                       ; angka[31]           ; yes                    ;
; angkaTemp[56]                                       ; angka[31]           ; yes                    ;
; angkaTemp[57]                                       ; angka[31]           ; yes                    ;
; angkaTemp[58]                                       ; angka[31]           ; yes                    ;
; angkaTemp[59]                                       ; angka[31]           ; yes                    ;
; angkaTemp[60]                                       ; angka[31]           ; yes                    ;
; angkaTemp[63]                                       ; angka[31]           ; yes                    ;
; fsm:TOFSM|reset_Register                            ; GND                 ; yes                    ;
; fsm:TOFSM|outFinal                                  ; fsm:TOFSM|Selector9 ; yes                    ;
; fsm:TOFSM|en_Register                               ; fsm:TOFSM|Selector9 ; yes                    ;
; fsm:TOFSM|en_Subtractor                             ; fsm:TOFSM|Selector9 ; yes                    ;
; fsm:TOFSM|nextState.s0_207                          ; fsm:TOFSM|Selector9 ; yes                    ;
; fsm:TOFSM|nextState.s5_147                          ; fsm:TOFSM|Selector9 ; yes                    ;
; fsm:TOFSM|nextState.s3_171                          ; fsm:TOFSM|Selector9 ; yes                    ;
; fsm:TOFSM|nextState.s1_195                          ; fsm:TOFSM|Selector9 ; yes                    ;
; fsm:TOFSM|nextState.s2_183                          ; fsm:TOFSM|Selector9 ; yes                    ;
; fsm:TOFSM|statusCount                               ; fsm:TOFSM|Selector9 ; yes                    ;
; fsm:TOFSM|nextState.s4_159                          ; fsm:TOFSM|Selector9 ; yes                    ;
; Number of user-specified and inferred latches = 75  ;                     ;                        ;
+-----------------------------------------------------+---------------------+------------------------+
Note: All latches listed above may not be present at the end of synthesis due to various synthesis optimizations.


+-----------------------------------------------------------------------------------+
; Registers Removed During Synthesis                                                ;
+------------------------------------------+----------------------------------------+
; Register name                            ; Reason for Removal                     ;
+------------------------------------------+----------------------------------------+
; subtractor:blokSubtractor|tanInv[30..31] ; Stuck at GND due to stuck port data_in ;
; Total Number of Removed Registers = 2    ;                                        ;
+------------------------------------------+----------------------------------------+


+------------------------------------------------------+
; General Register Statistics                          ;
+----------------------------------------------+-------+
; Statistic                                    ; Value ;
+----------------------------------------------+-------+
; Total registers                              ; 457   ;
; Number of registers using Synchronous Clear  ; 8     ;
; Number of registers using Synchronous Load   ; 55    ;
; Number of registers using Asynchronous Clear ; 171   ;
; Number of registers using Asynchronous Load  ; 0     ;
; Number of registers using Clock Enable       ; 450   ;
; Number of registers using Preset             ; 0     ;
+----------------------------------------------+-------+


+--------------------------------------------------+
; Inverted Register Statistics                     ;
+----------------------------------------+---------+
; Inverted Register                      ; Fan out ;
+----------------------------------------+---------+
; regisX:blokRegisX|outputRegister[30]   ; 9       ;
; Total number of inverted registers = 1 ;         ;
+----------------------------------------+---------+


+-------------------------------------------------------------------------------------------------------------------------------------------------------------------+
; Multiplexer Restructuring Statistics (Restructuring Performed)                                                                                                    ;
+--------------------+-----------+---------------+----------------------+------------------------+------------+-----------------------------------------------------+
; Multiplexer Inputs ; Bus Width ; Baseline Area ; Area if Restructured ; Saving if Restructured ; Registered ; Example Multiplexer Output                          ;
+--------------------+-----------+---------------+----------------------+------------------------+------------+-----------------------------------------------------+
; 3:1                ; 4 bits    ; 8 LEs         ; 8 LEs                ; 0 LEs                  ; Yes        ; |tubesTopLevel|subtractor:blokSubtractor|a[26]      ;
; 3:1                ; 4 bits    ; 8 LEs         ; 8 LEs                ; 0 LEs                  ; Yes        ; |tubesTopLevel|subtractor:blokSubtractor|b[18]      ;
; 3:1                ; 2 bits    ; 4 LEs         ; 4 LEs                ; 0 LEs                  ; Yes        ; |tubesTopLevel|subtractor:blokSubtractor|b[23]      ;
; 3:1                ; 2 bits    ; 4 LEs         ; 2 LEs                ; 2 LEs                  ; Yes        ; |tubesTopLevel|subtractor:blokSubtractor|b[30]      ;
; 3:1                ; 2 bits    ; 4 LEs         ; 4 LEs                ; 0 LEs                  ; Yes        ; |tubesTopLevel|subtractor:blokSubtractor|b[29]      ;
; 4:1                ; 2 bits    ; 4 LEs         ; 4 LEs                ; 0 LEs                  ; Yes        ; |tubesTopLevel|subtractor:blokSubtractor|a[25]      ;
; 4:1                ; 2 bits    ; 4 LEs         ; 4 LEs                ; 0 LEs                  ; Yes        ; |tubesTopLevel|subtractor:blokSubtractor|tanInv[19] ;
; 4:1                ; 2 bits    ; 4 LEs         ; 4 LEs                ; 0 LEs                  ; Yes        ; |tubesTopLevel|subtractor:blokSubtractor|a[28]      ;
; 5:1                ; 30 bits   ; 90 LEs        ; 90 LEs               ; 0 LEs                  ; Yes        ; |tubesTopLevel|subtractor:blokSubtractor|a[12]      ;
; 9:1                ; 2 bits    ; 12 LEs        ; 8 LEs                ; 4 LEs                  ; Yes        ; |tubesTopLevel|subtractor:blokSubtractor|tanInv[21] ;
; 5:1                ; 2 bits    ; 6 LEs         ; 4 LEs                ; 2 LEs                  ; Yes        ; |tubesTopLevel|subtractor:blokSubtractor|a[27]      ;
; 7:1                ; 4 bits    ; 16 LEs        ; 16 LEs               ; 0 LEs                  ; Yes        ; |tubesTopLevel|subtractor:blokSubtractor|b[1]       ;
; 3:1                ; 4 bits    ; 8 LEs         ; 8 LEs                ; 0 LEs                  ; No         ; |tubesTopLevel|subtractor:blokSubtractor|a          ;
; 3:1                ; 4 bits    ; 8 LEs         ; 8 LEs                ; 0 LEs                  ; No         ; |tubesTopLevel|counter:blokCounter|counter          ;
+--------------------+-----------+---------------+----------------------+------------------------+------------+-----------------------------------------------------+


+-----------------------------------------------------------------------------------+
; Parameter Settings for Inferred Entity Instance: lpm_mult:Mult1                   ;
+------------------------------------------------+------------+---------------------+
; Parameter Name                                 ; Value      ; Type                ;
+------------------------------------------------+------------+---------------------+
; AUTO_CARRY_CHAINS                              ; ON         ; AUTO_CARRY          ;
; IGNORE_CARRY_BUFFERS                           ; OFF        ; IGNORE_CARRY        ;
; AUTO_CASCADE_CHAINS                            ; ON         ; AUTO_CASCADE        ;
; IGNORE_CASCADE_BUFFERS                         ; OFF        ; IGNORE_CASCADE      ;
; LPM_WIDTHA                                     ; 32         ; Untyped             ;
; LPM_WIDTHB                                     ; 31         ; Untyped             ;
; LPM_WIDTHP                                     ; 63         ; Untyped             ;
; LPM_WIDTHR                                     ; 63         ; Untyped             ;
; LPM_WIDTHS                                     ; 1          ; Untyped             ;
; LPM_REPRESENTATION                             ; SIGNED     ; Untyped             ;
; LPM_PIPELINE                                   ; 0          ; Untyped             ;
; LATENCY                                        ; 0          ; Untyped             ;
; INPUT_A_IS_CONSTANT                            ; NO         ; Untyped             ;
; INPUT_B_IS_CONSTANT                            ; YES        ; Untyped             ;
; USE_EAB                                        ; OFF        ; Untyped             ;
; MAXIMIZE_SPEED                                 ; 5          ; Untyped             ;
; DEVICE_FAMILY                                  ; Cyclone II ; Untyped             ;
; CARRY_CHAIN                                    ; MANUAL     ; Untyped             ;
; APEX20K_TECHNOLOGY_MAPPER                      ; LUT        ; TECH_MAPPER_APEX20K ;
; DEDICATED_MULTIPLIER_CIRCUITRY                 ; AUTO       ; Untyped             ;
; DEDICATED_MULTIPLIER_MIN_INPUT_WIDTH_FOR_AUTO  ; 0          ; Untyped             ;
; DEDICATED_MULTIPLIER_MIN_OUTPUT_WIDTH_FOR_AUTO ; 0          ; Untyped             ;
; CBXI_PARAMETER                                 ; mult_45t   ; Untyped             ;
; INPUT_A_FIXED_VALUE                            ; Bx         ; Untyped             ;
; INPUT_B_FIXED_VALUE                            ; Bx         ; Untyped             ;
; USE_AHDL_IMPLEMENTATION                        ; OFF        ; Untyped             ;
+------------------------------------------------+------------+---------------------+
Note: In order to hide this table in the UI and the text report file, please set the "Show Parameter Settings Tables in Synthesis Report" option in "Analysis and Synthesis Settings -> More Settings" to "Off".


+-----------------------------------------------------------------------------------+
; Parameter Settings for Inferred Entity Instance: lpm_mult:Mult0                   ;
+------------------------------------------------+------------+---------------------+
; Parameter Name                                 ; Value      ; Type                ;
+------------------------------------------------+------------+---------------------+
; AUTO_CARRY_CHAINS                              ; ON         ; AUTO_CARRY          ;
; IGNORE_CARRY_BUFFERS                           ; OFF        ; IGNORE_CARRY        ;
; AUTO_CASCADE_CHAINS                            ; ON         ; AUTO_CASCADE        ;
; IGNORE_CASCADE_BUFFERS                         ; OFF        ; IGNORE_CASCADE      ;
; LPM_WIDTHA                                     ; 32         ; Untyped             ;
; LPM_WIDTHB                                     ; 31         ; Untyped             ;
; LPM_WIDTHP                                     ; 63         ; Untyped             ;
; LPM_WIDTHR                                     ; 63         ; Untyped             ;
; LPM_WIDTHS                                     ; 1          ; Untyped             ;
; LPM_REPRESENTATION                             ; SIGNED     ; Untyped             ;
; LPM_PIPELINE                                   ; 0          ; Untyped             ;
; LATENCY                                        ; 0          ; Untyped             ;
; INPUT_A_IS_CONSTANT                            ; NO         ; Untyped             ;
; INPUT_B_IS_CONSTANT                            ; YES        ; Untyped             ;
; USE_EAB                                        ; OFF        ; Untyped             ;
; MAXIMIZE_SPEED                                 ; 5          ; Untyped             ;
; DEVICE_FAMILY                                  ; Cyclone II ; Untyped             ;
; CARRY_CHAIN                                    ; MANUAL     ; Untyped             ;
; APEX20K_TECHNOLOGY_MAPPER                      ; LUT        ; TECH_MAPPER_APEX20K ;
; DEDICATED_MULTIPLIER_CIRCUITRY                 ; AUTO       ; Untyped             ;
; DEDICATED_MULTIPLIER_MIN_INPUT_WIDTH_FOR_AUTO  ; 0          ; Untyped             ;
; DEDICATED_MULTIPLIER_MIN_OUTPUT_WIDTH_FOR_AUTO ; 0          ; Untyped             ;
; CBXI_PARAMETER                                 ; mult_45t   ; Untyped             ;
; INPUT_A_FIXED_VALUE                            ; Bx         ; Untyped             ;
; INPUT_B_FIXED_VALUE                            ; Bx         ; Untyped             ;
; USE_AHDL_IMPLEMENTATION                        ; OFF        ; Untyped             ;
+------------------------------------------------+------------+---------------------+
Note: In order to hide this table in the UI and the text report file, please set the "Show Parameter Settings Tables in Synthesis Report" option in "Analysis and Synthesis Settings -> More Settings" to "Off".


+--------------------------------------------------------+
; lpm_mult Parameter Settings by Entity Instance         ;
+---------------------------------------+----------------+
; Name                                  ; Value          ;
+---------------------------------------+----------------+
; Number of entity instances            ; 2              ;
; Entity Instance                       ; lpm_mult:Mult1 ;
;     -- LPM_WIDTHA                     ; 32             ;
;     -- LPM_WIDTHB                     ; 31             ;
;     -- LPM_WIDTHP                     ; 63             ;
;     -- LPM_REPRESENTATION             ; SIGNED         ;
;     -- INPUT_A_IS_CONSTANT            ; NO             ;
;     -- INPUT_B_IS_CONSTANT            ; YES            ;
;     -- USE_EAB                        ; OFF            ;
;     -- DEDICATED_MULTIPLIER_CIRCUITRY ; AUTO           ;
;     -- INPUT_A_FIXED_VALUE            ; Bx             ;
;     -- INPUT_B_FIXED_VALUE            ; Bx             ;
; Entity Instance                       ; lpm_mult:Mult0 ;
;     -- LPM_WIDTHA                     ; 32             ;
;     -- LPM_WIDTHB                     ; 31             ;
;     -- LPM_WIDTHP                     ; 63             ;
;     -- LPM_REPRESENTATION             ; SIGNED         ;
;     -- INPUT_A_IS_CONSTANT            ; NO             ;
;     -- INPUT_B_IS_CONSTANT            ; YES            ;
;     -- USE_EAB                        ; OFF            ;
;     -- DEDICATED_MULTIPLIER_CIRCUITRY ; AUTO           ;
;     -- INPUT_A_FIXED_VALUE            ; Bx             ;
;     -- INPUT_B_FIXED_VALUE            ; Bx             ;
+---------------------------------------+----------------+


+------------------------------------------------------------------------------------------------------------------------+
; Port Connectivity Checks: "fsm:TOFSM"                                                                                  ;
+--------------+--------+----------+-------------------------------------------------------------------------------------+
; Port         ; Type   ; Severity ; Details                                                                             ;
+--------------+--------+----------+-------------------------------------------------------------------------------------+
; resetcounter ; Output ; Info     ; Connected to dangling logic. Logic that only feeds a dangling port will be removed. ;
+--------------+--------+----------+-------------------------------------------------------------------------------------+


+-------------------------------+
; Analysis & Synthesis Messages ;
+-------------------------------+
Info: *******************************************************************
Info: Running Quartus II Analysis & Synthesis
    Info: Version 9.1 Build 350 03/24/2010 Service Pack 2 SJ Web Edition
    Info: Processing started: Wed Nov 22 16:56:59 2023
Info: Command: quartus_map --read_settings_files=on --write_settings_files=off tubesTopLevel -c tubesTopLevel
Info: Found 2 design units, including 1 entities, in source file tubestoplevel.vhd
    Info: Found design unit 1: tubesTopLevel-tTL_arc
    Info: Found entity 1: tubesTopLevel
Info: Found 2 design units, including 1 entities, in source file fsm.vhd
    Info: Found design unit 1: fsm-fsm_arc
    Info: Found entity 1: fsm
Info: Found 2 design units, including 1 entities, in source file counter.vhd
    Info: Found design unit 1: counter-counter_arc
    Info: Found entity 1: counter
Info: Found 2 design units, including 1 entities, in source file comparator.vhd
    Info: Found design unit 1: comparator-comparator_arc
    Info: Found entity 1: comparator
Info: Found 2 design units, including 1 entities, in source file subtractor.vhd
    Info: Found design unit 1: subtractor-subtractor_arc
    Info: Found entity 1: subtractor
Info: Found 2 design units, including 1 entities, in source file regisx.vhd
    Info: Found design unit 1: regisX-regisX_arc
    Info: Found entity 1: regisX
Info: Found 2 design units, including 1 entities, in source file regisy.vhd
    Info: Found design unit 1: regisY-regisY_arc
    Info: Found entity 1: regisY
Info: Found 2 design units, including 1 entities, in source file regisangle.vhd
    Info: Found design unit 1: regisAngle-regisAngle_arc
    Info: Found entity 1: regisAngle
Info: Found 2 design units, including 1 entities, in source file regis.vhd
    Info: Found design unit 1: regis-regis_arc
    Info: Found entity 1: regis
Info: Found 1 design units, including 0 entities, in source file numeric_std.vhd
    Info: Found design unit 1: NUMERIC_STD
Info: Elaborating entity "tubesTopLevel" for the top level hierarchy
Warning (10036): Verilog HDL or VHDL warning at tubesTopLevel.vhd(112): object "resetCounter" assigned a value but never read
Warning (10492): VHDL Process Statement warning at tubesTopLevel.vhd(132): signal "outSin" is read inside the Process Statement but isn't in the Process Statement's sensitivity list
Warning (10492): VHDL Process Statement warning at tubesTopLevel.vhd(137): signal "outCos" is read inside the Process Statement but isn't in the Process Statement's sensitivity list
Warning (10631): VHDL Process Statement warning at tubesTopLevel.vhd(129): inferring latch(es) for signal or variable "angkaTemp", which holds its previous value in one or more paths through the process
Warning (10631): VHDL Process Statement warning at tubesTopLevel.vhd(129): inferring latch(es) for signal or variable "angka", which holds its previous value in one or more paths through the process
Info (10041): Inferred latch for "angka[0]" at tubesTopLevel.vhd(129)
Info (10041): Inferred latch for "angka[1]" at tubesTopLevel.vhd(129)
Info (10041): Inferred latch for "angka[2]" at tubesTopLevel.vhd(129)
Info (10041): Inferred latch for "angka[3]" at tubesTopLevel.vhd(129)
Info (10041): Inferred latch for "angka[4]" at tubesTopLevel.vhd(129)
Info (10041): Inferred latch for "angka[5]" at tubesTopLevel.vhd(129)
Info (10041): Inferred latch for "angka[6]" at tubesTopLevel.vhd(129)
Info (10041): Inferred latch for "angka[7]" at tubesTopLevel.vhd(129)
Info (10041): Inferred latch for "angka[8]" at tubesTopLevel.vhd(129)
Info (10041): Inferred latch for "angka[9]" at tubesTopLevel.vhd(129)
Info (10041): Inferred latch for "angka[10]" at tubesTopLevel.vhd(129)
Info (10041): Inferred latch for "angka[11]" at tubesTopLevel.vhd(129)
Info (10041): Inferred latch for "angka[12]" at tubesTopLevel.vhd(129)
Info (10041): Inferred latch for "angka[13]" at tubesTopLevel.vhd(129)
Info (10041): Inferred latch for "angka[14]" at tubesTopLevel.vhd(129)
Info (10041): Inferred latch for "angka[15]" at tubesTopLevel.vhd(129)
Info (10041): Inferred latch for "angka[16]" at tubesTopLevel.vhd(129)
Info (10041): Inferred latch for "angka[17]" at tubesTopLevel.vhd(129)
Info (10041): Inferred latch for "angka[18]" at tubesTopLevel.vhd(129)
Info (10041): Inferred latch for "angka[19]" at tubesTopLevel.vhd(129)
Info (10041): Inferred latch for "angka[20]" at tubesTopLevel.vhd(129)
Info (10041): Inferred latch for "angka[21]" at tubesTopLevel.vhd(129)
Info (10041): Inferred latch for "angka[22]" at tubesTopLevel.vhd(129)
Info (10041): Inferred latch for "angka[23]" at tubesTopLevel.vhd(129)
Info (10041): Inferred latch for "angka[24]" at tubesTopLevel.vhd(129)
Info (10041): Inferred latch for "angka[25]" at tubesTopLevel.vhd(129)
Info (10041): Inferred latch for "angka[26]" at tubesTopLevel.vhd(129)
Info (10041): Inferred latch for "angka[27]" at tubesTopLevel.vhd(129)
Info (10041): Inferred latch for "angka[28]" at tubesTopLevel.vhd(129)
Info (10041): Inferred latch for "angka[29]" at tubesTopLevel.vhd(129)
Info (10041): Inferred latch for "angka[30]" at tubesTopLevel.vhd(129)
Info (10041): Inferred latch for "angka[31]" at tubesTopLevel.vhd(129)
Info (10041): Inferred latch for "angkaTemp[30]" at tubesTopLevel.vhd(129)
Info (10041): Inferred latch for "angkaTemp[31]" at tubesTopLevel.vhd(129)
Info (10041): Inferred latch for "angkaTemp[32]" at tubesTopLevel.vhd(129)
Info (10041): Inferred latch for "angkaTemp[33]" at tubesTopLevel.vhd(129)
Info (10041): Inferred latch for "angkaTemp[34]" at tubesTopLevel.vhd(129)
Info (10041): Inferred latch for "angkaTemp[35]" at tubesTopLevel.vhd(129)
Info (10041): Inferred latch for "angkaTemp[36]" at tubesTopLevel.vhd(129)
Info (10041): Inferred latch for "angkaTemp[37]" at tubesTopLevel.vhd(129)
Info (10041): Inferred latch for "angkaTemp[38]" at tubesTopLevel.vhd(129)
Info (10041): Inferred latch for "angkaTemp[39]" at tubesTopLevel.vhd(129)
Info (10041): Inferred latch for "angkaTemp[40]" at tubesTopLevel.vhd(129)
Info (10041): Inferred latch for "angkaTemp[41]" at tubesTopLevel.vhd(129)
Info (10041): Inferred latch for "angkaTemp[42]" at tubesTopLevel.vhd(129)
Info (10041): Inferred latch for "angkaTemp[43]" at tubesTopLevel.vhd(129)
Info (10041): Inferred latch for "angkaTemp[44]" at tubesTopLevel.vhd(129)
Info (10041): Inferred latch for "angkaTemp[45]" at tubesTopLevel.vhd(129)
Info (10041): Inferred latch for "angkaTemp[46]" at tubesTopLevel.vhd(129)
Info (10041): Inferred latch for "angkaTemp[47]" at tubesTopLevel.vhd(129)
Info (10041): Inferred latch for "angkaTemp[48]" at tubesTopLevel.vhd(129)
Info (10041): Inferred latch for "angkaTemp[49]" at tubesTopLevel.vhd(129)
Info (10041): Inferred latch for "angkaTemp[50]" at tubesTopLevel.vhd(129)
Info (10041): Inferred latch for "angkaTemp[51]" at tubesTopLevel.vhd(129)
Info (10041): Inferred latch for "angkaTemp[52]" at tubesTopLevel.vhd(129)
Info (10041): Inferred latch for "angkaTemp[53]" at tubesTopLevel.vhd(129)
Info (10041): Inferred latch for "angkaTemp[54]" at tubesTopLevel.vhd(129)
Info (10041): Inferred latch for "angkaTemp[55]" at tubesTopLevel.vhd(129)
Info (10041): Inferred latch for "angkaTemp[56]" at tubesTopLevel.vhd(129)
Info (10041): Inferred latch for "angkaTemp[57]" at tubesTopLevel.vhd(129)
Info (10041): Inferred latch for "angkaTemp[58]" at tubesTopLevel.vhd(129)
Info (10041): Inferred latch for "angkaTemp[59]" at tubesTopLevel.vhd(129)
Info (10041): Inferred latch for "angkaTemp[60]" at tubesTopLevel.vhd(129)
Info (10041): Inferred latch for "angkaTemp[63]" at tubesTopLevel.vhd(129)
Info: Elaborating entity "fsm" for hierarchy "fsm:TOFSM"
Warning (10492): VHDL Process Statement warning at fsm.vhd(59): signal "modeSin" is read inside the Process Statement but isn't in the Process Statement's sensitivity list
Warning (10492): VHDL Process Statement warning at fsm.vhd(59): signal "modeCos" is read inside the Process Statement but isn't in the Process Statement's sensitivity list
Warning (10492): VHDL Process Statement warning at fsm.vhd(59): signal "modeTan" is read inside the Process Statement but isn't in the Process Statement's sensitivity list
Warning (10492): VHDL Process Statement warning at fsm.vhd(106): signal "counter" is read inside the Process Statement but isn't in the Process Statement's sensitivity list
Warning (10631): VHDL Process Statement warning at fsm.vhd(45): inferring latch(es) for signal or variable "reset_Register", which holds its previous value in one or more paths through the process
Warning (10631): VHDL Process Statement warning at fsm.vhd(45): inferring latch(es) for signal or variable "statusResetCounter", which holds its previous value in one or more paths through the process
Warning (10631): VHDL Process Statement warning at fsm.vhd(45): inferring latch(es) for signal or variable "statusCount", which holds its previous value in one or more paths through the process
Warning (10631): VHDL Process Statement warning at fsm.vhd(45): inferring latch(es) for signal or variable "en_Subtractor", which holds its previous value in one or more paths through the process
Warning (10631): VHDL Process Statement warning at fsm.vhd(45): inferring latch(es) for signal or variable "en_Register", which holds its previous value in one or more paths through the process
Warning (10631): VHDL Process Statement warning at fsm.vhd(45): inferring latch(es) for signal or variable "outFinal", which holds its previous value in one or more paths through the process
Warning (10631): VHDL Process Statement warning at fsm.vhd(45): inferring latch(es) for signal or variable "nextState", which holds its previous value in one or more paths through the process
Info (10041): Inferred latch for "nextState.s5" at fsm.vhd(45)
Info (10041): Inferred latch for "nextState.s4" at fsm.vhd(45)
Info (10041): Inferred latch for "nextState.s3" at fsm.vhd(45)
Info (10041): Inferred latch for "nextState.s2" at fsm.vhd(45)
Info (10041): Inferred latch for "nextState.s1" at fsm.vhd(45)
Info (10041): Inferred latch for "nextState.s0" at fsm.vhd(45)
Info (10041): Inferred latch for "outFinal" at fsm.vhd(45)
Info (10041): Inferred latch for "en_Register" at fsm.vhd(45)
Info (10041): Inferred latch for "en_Subtractor" at fsm.vhd(45)
Info (10041): Inferred latch for "statusCount" at fsm.vhd(45)
Info (10041): Inferred latch for "statusResetCounter" at fsm.vhd(45)
Info (10041): Inferred latch for "reset_Register" at fsm.vhd(45)
Info: Elaborating entity "comparator" for hierarchy "comparator:blokKomparator"
Warning (10631): VHDL Process Statement warning at comparator.vhd(16): inferring latch(es) for signal or variable "comparison", which holds its previous value in one or more paths through the process
Info (10041): Inferred latch for "comparison" at comparator.vhd(16)
Info: Elaborating entity "counter" for hierarchy "counter:blokCounter"
Info: Elaborating entity "subtractor" for hierarchy "subtractor:blokSubtractor"
Warning (10540): VHDL Signal Declaration warning at subtractor.vhd(27): used explicit default value for signal "kCount" because signal was never assigned a value
Warning (10492): VHDL Process Statement warning at subtractor.vhd(36): signal "En_Subtractor" is read inside the Process Statement but isn't in the Process Statement's sensitivity list
Warning (10492): VHDL Process Statement warning at subtractor.vhd(36): signal "clk" is read inside the Process Statement but isn't in the Process Statement's sensitivity list
Info: Elaborating entity "regisX" for hierarchy "regisX:blokRegisX"
Info: Elaborating entity "regisY" for hierarchy "regisY:blokRegisY"
Info: Elaborating entity "regisAngle" for hierarchy "regisAngle:blokRegisAngle"
Info: Elaborating entity "regis" for hierarchy "regis:blokOutSin"
Info: Inferred 2 megafunctions from design logic
    Info: Inferred multiplier megafunction ("lpm_mult") from the following logic: "Mult1"
    Info: Inferred multiplier megafunction ("lpm_mult") from the following logic: "Mult0"
Info: Elaborated megafunction instantiation "lpm_mult:Mult1"
Info: Instantiated megafunction "lpm_mult:Mult1" with the following parameter:
    Info: Parameter "LPM_WIDTHA" = "32"
    Info: Parameter "LPM_WIDTHB" = "31"
    Info: Parameter "LPM_WIDTHP" = "63"
    Info: Parameter "LPM_WIDTHR" = "63"
    Info: Parameter "LPM_WIDTHS" = "1"
    Info: Parameter "LPM_REPRESENTATION" = "SIGNED"
    Info: Parameter "INPUT_A_IS_CONSTANT" = "NO"
    Info: Parameter "INPUT_B_IS_CONSTANT" = "YES"
    Info: Parameter "MAXIMIZE_SPEED" = "5"
Info: Found 1 design units, including 1 entities, in source file db/mult_45t.tdf
    Info: Found entity 1: mult_45t
Info: Ignored 468 buffer(s)
    Info: Ignored 468 SOFT buffer(s)
Info: Duplicate LATCH primitives merged into single LATCH primitive
    Info: Duplicate LATCH primitive "fsm:TOFSM|nextState.s0_207" merged with LATCH primitive "fsm:TOFSM|outFinal"
    Info: Duplicate LATCH primitive "fsm:TOFSM|nextState.s3_171" merged with LATCH primitive "fsm:TOFSM|en_Subtractor"
Warning: Latch angkaTemp[30] has unsafe behavior
    Warning: Ports D and ENA on the latch are fed by the same signal modeSin
Warning: Latch angkaTemp[31] has unsafe behavior
    Warning: Ports D and ENA on the latch are fed by the same signal modeSin
Warning: Latch angkaTemp[32] has unsafe behavior
    Warning: Ports D and ENA on the latch are fed by the same signal modeSin
Warning: Latch angkaTemp[33] has unsafe behavior
    Warning: Ports D and ENA on the latch are fed by the same signal modeSin
Warning: Latch angkaTemp[34] has unsafe behavior
    Warning: Ports D and ENA on the latch are fed by the same signal modeSin
Warning: Latch angkaTemp[35] has unsafe behavior
    Warning: Ports D and ENA on the latch are fed by the same signal modeSin
Warning: Latch angkaTemp[36] has unsafe behavior
    Warning: Ports D and ENA on the latch are fed by the same signal modeSin
Warning: Latch angkaTemp[37] has unsafe behavior
    Warning: Ports D and ENA on the latch are fed by the same signal modeSin
Warning: Latch angkaTemp[38] has unsafe behavior
    Warning: Ports D and ENA on the latch are fed by the same signal modeSin
Warning: Latch angkaTemp[39] has unsafe behavior
    Warning: Ports D and ENA on the latch are fed by the same signal modeSin
Warning: Latch angkaTemp[40] has unsafe behavior
    Warning: Ports D and ENA on the latch are fed by the same signal modeSin
Warning: Latch angkaTemp[41] has unsafe behavior
    Warning: Ports D and ENA on the latch are fed by the same signal modeSin
Warning: Latch angkaTemp[42] has unsafe behavior
    Warning: Ports D and ENA on the latch are fed by the same signal modeSin
Warning: Latch angkaTemp[43] has unsafe behavior
    Warning: Ports D and ENA on the latch are fed by the same signal modeSin
Warning: Latch angkaTemp[44] has unsafe behavior
    Warning: Ports D and ENA on the latch are fed by the same signal modeSin
Warning: Latch angkaTemp[45] has unsafe behavior
    Warning: Ports D and ENA on the latch are fed by the same signal modeSin
Warning: Latch angkaTemp[46] has unsafe behavior
    Warning: Ports D and ENA on the latch are fed by the same signal modeSin
Warning: Latch angkaTemp[47] has unsafe behavior
    Warning: Ports D and ENA on the latch are fed by the same signal modeSin
Warning: Latch angkaTemp[48] has unsafe behavior
    Warning: Ports D and ENA on the latch are fed by the same signal modeSin
Warning: Latch angkaTemp[49] has unsafe behavior
    Warning: Ports D and ENA on the latch are fed by the same signal modeSin
Warning: Latch angkaTemp[50] has unsafe behavior
    Warning: Ports D and ENA on the latch are fed by the same signal modeSin
Warning: Latch angkaTemp[51] has unsafe behavior
    Warning: Ports D and ENA on the latch are fed by the same signal modeSin
Warning: Latch angkaTemp[52] has unsafe behavior
    Warning: Ports D and ENA on the latch are fed by the same signal modeSin
Warning: Latch angkaTemp[53] has unsafe behavior
    Warning: Ports D and ENA on the latch are fed by the same signal modeSin
Warning: Latch angkaTemp[54] has unsafe behavior
    Warning: Ports D and ENA on the latch are fed by the same signal modeSin
Warning: Latch angkaTemp[55] has unsafe behavior
    Warning: Ports D and ENA on the latch are fed by the same signal modeSin
Warning: Latch angkaTemp[56] has unsafe behavior
    Warning: Ports D and ENA on the latch are fed by the same signal modeSin
Warning: Latch angkaTemp[57] has unsafe behavior
    Warning: Ports D and ENA on the latch are fed by the same signal modeSin
Warning: Latch angkaTemp[58] has unsafe behavior
    Warning: Ports D and ENA on the latch are fed by the same signal modeSin
Warning: Latch angkaTemp[59] has unsafe behavior
    Warning: Ports D and ENA on the latch are fed by the same signal modeSin
Warning: Latch angkaTemp[60] has unsafe behavior
    Warning: Ports D and ENA on the latch are fed by the same signal modeSin
Warning: Latch angkaTemp[63] has unsafe behavior
    Warning: Ports D and ENA on the latch are fed by the same signal modeSin
Warning: Latch fsm:TOFSM|nextState.s4_159 has unsafe behavior
    Warning: Ports D and ENA on the latch are fed by the same signal fsm:TOFSM|currentState.s0
Info: Registers with preset signals will power-up high
Info: DEV_CLRn pin will set, and not reset, register with preset signal due to NOT Gate Push-Back
Info: Implemented 1200 device resources after synthesis - the final resource count might be different
    Info: Implemented 37 input pins
    Info: Implemented 32 output pins
    Info: Implemented 1115 logic cells
    Info: Implemented 16 DSP elements
Info: Quartus II Analysis & Synthesis was successful. 0 errors, 86 warnings
    Info: Peak virtual memory: 257 megabytes
    Info: Processing ended: Wed Nov 22 16:57:03 2023
    Info: Elapsed time: 00:00:04
    Info: Total CPU time (on all processors): 00:00:03


