Flow report for tubesTopLevel
<<<<<<< Updated upstream
Sat Nov 25 16:02:27 2023
=======
Tue Nov 28 02:40:09 2023
>>>>>>> Stashed changes
Quartus II Version 9.1 Build 350 03/24/2010 Service Pack 2 SJ Web Edition


---------------------
; Table of Contents ;
---------------------
  1. Legal Notice
  2. Flow Summary
  3. Flow Settings
  4. Flow Non-Default Global Settings
  5. Flow Elapsed Time
  6. Flow OS Summary
  7. Flow Log



----------------
; Legal Notice ;
----------------
Copyright (C) 1991-2010 Altera Corporation
Your use of Altera Corporation's design tools, logic functions 
and other software and tools, and its AMPP partner logic 
functions, and any output files from any of the foregoing 
(including device programming or simulation files), and any 
associated documentation or information are expressly subject 
to the terms and conditions of the Altera Program License 
Subscription Agreement, Altera MegaCore Function License 
Agreement, or other applicable license agreement, including, 
without limitation, that your use is for the sole purpose of 
programming logic devices manufactured by Altera and sold by 
Altera or its authorized distributors.  Please refer to the 
applicable agreement for further details.



+-----------------------------------------------------------------------------------+
; Flow Summary                                                                      ;
+------------------------------------+----------------------------------------------+
<<<<<<< Updated upstream
; Flow Status                        ; Successful - Sat Nov 25 16:02:27 2023        ;
=======
; Flow Status                        ; Successful - Tue Nov 28 02:40:09 2023        ;
>>>>>>> Stashed changes
; Quartus II Version                 ; 9.1 Build 350 03/24/2010 SP 2 SJ Web Edition ;
; Revision Name                      ; tubesTopLevel                                ;
; Top-level Entity Name              ; tubesTopLevel                                ;
; Family                             ; Cyclone II                                   ;
; Device                             ; EP2C8Q208C7                                  ;
; Timing Models                      ; Final                                        ;
<<<<<<< Updated upstream
; Met timing requirements            ; N/A                                          ;
; Total logic elements               ; 1,513                                        ;
;     Total combinational functions  ; 1,513                                        ;
;     Dedicated logic registers      ; 107                                          ;
=======
; Met timing requirements            ; No                                           ;
; Total logic elements               ; 1,705 / 8,256 ( 21 % )                       ;
;     Total combinational functions  ; 1,705 / 8,256 ( 21 % )                       ;
;     Dedicated logic registers      ; 107 / 8,256 ( 1 % )                          ;
>>>>>>> Stashed changes
; Total registers                    ; 107                                          ;
; Total pins                         ; 69                                           ;
; Total virtual pins                 ; 0                                            ;
; Total memory bits                  ; 0                                            ;
; Embedded Multiplier 9-bit elements ; 16                                           ;
; Total PLLs                         ; 0                                            ;
+------------------------------------+----------------------------------------------+


+-----------------------------------------+
; Flow Settings                           ;
+-------------------+---------------------+
; Option            ; Setting             ;
+-------------------+---------------------+
<<<<<<< Updated upstream
; Start date & time ; 11/25/2023 16:02:25 ;
=======
; Start date & time ; 11/28/2023 02:39:51 ;
>>>>>>> Stashed changes
; Main task         ; Compilation         ;
; Revision Name     ; tubesTopLevel       ;
+-------------------+---------------------+


+---------------------------------------------------------------------------------------------------------------------+
; Flow Non-Default Global Settings                                                                                    ;
+------------------------------------+---------------------------------+---------------+-------------+----------------+
; Assignment Name                    ; Value                           ; Default Value ; Entity Name ; Section Id     ;
+------------------------------------+---------------------------------+---------------+-------------+----------------+
<<<<<<< Updated upstream
; COMPILER_SIGNATURE_ID              ; 242035516409309.170090294405148 ; --            ; --          ; --             ;
=======
; COMPILER_SIGNATURE_ID              ; 211365437349375.170111399022448 ; --            ; --          ; --             ;
>>>>>>> Stashed changes
; MAX_CORE_JUNCTION_TEMP             ; 85                              ; --            ; --          ; --             ;
; MIN_CORE_JUNCTION_TEMP             ; 0                               ; --            ; --          ; --             ;
; PARTITION_COLOR                    ; 16764057                        ; --            ; --          ; Top            ;
; PARTITION_NETLIST_TYPE             ; SOURCE                          ; --            ; --          ; Top            ;
; USE_GENERATED_PHYSICAL_CONSTRAINTS ; Off                             ; --            ; --          ; eda_blast_fpga ;
+------------------------------------+---------------------------------+---------------+-------------+----------------+


<<<<<<< Updated upstream
+--------------------------------------------------------------------------------------------------------------------------+
; Flow Elapsed Time                                                                                                        ;
+----------------------+--------------+-------------------------+---------------------+------------------------------------+
; Module Name          ; Elapsed Time ; Average Processors Used ; Peak Virtual Memory ; Total CPU Time (on all processors) ;
+----------------------+--------------+-------------------------+---------------------+------------------------------------+
; Analysis & Synthesis ; 00:00:02     ; 1.0                     ; 257 MB              ; 00:00:02                           ;
; Total                ; 00:00:02     ; --                      ; --                  ; 00:00:02                           ;
+----------------------+--------------+-------------------------+---------------------+------------------------------------+
=======
+-----------------------------------------------------------------------------------------------------------------------------+
; Flow Elapsed Time                                                                                                           ;
+-------------------------+--------------+-------------------------+---------------------+------------------------------------+
; Module Name             ; Elapsed Time ; Average Processors Used ; Peak Virtual Memory ; Total CPU Time (on all processors) ;
+-------------------------+--------------+-------------------------+---------------------+------------------------------------+
; Analysis & Synthesis    ; 00:00:06     ; 1.0                     ; 258 MB              ; 00:00:04                           ;
; Fitter                  ; 00:00:07     ; 1.0                     ; 260 MB              ; 00:00:05                           ;
; Assembler               ; 00:00:01     ; 1.0                     ; 223 MB              ; 00:00:01                           ;
; Classic Timing Analyzer ; 00:00:01     ; 1.0                     ; 186 MB              ; 00:00:01                           ;
; Total                   ; 00:00:15     ; --                      ; --                  ; 00:00:11                           ;
+-------------------------+--------------+-------------------------+---------------------+------------------------------------+
>>>>>>> Stashed changes


+---------------------------------------------------------------------------------------+
; Flow OS Summary                                                                       ;
+----------------------+------------------+---------------+------------+----------------+
; Module Name          ; Machine Hostname ; OS Name       ; OS Version ; Processor type ;
+----------------------+------------------+---------------+------------+----------------+
; Analysis & Synthesis ; LAPTOP-633NR7PA  ; Windows Vista ; 6.2        ; x86_64         ;
+----------------------+------------------+---------------+------------+----------------+


------------
; Flow Log ;
------------
quartus_map --read_settings_files=on --write_settings_files=off tubesTopLevel -c tubesTopLevel



